<?xml version="1.0" encoding="UTF-8"?>
<testsuite name="PhoneBookTest" tests="1" skipped="0" failures="0" errors="0" timestamp="2021-02-28T16:55:14" hostname="LAPTOP-5VEJHNRM" time="67.846">
  <properties/>
  <testcase name="start" classname="PhoneBookTest" time="67.846"/>
  <system-out><![CDATA[?[1;31m
Start test 1?[0m
Start searching (linear search)...
Found 500 / 500 entries. Time taken: 0 min. 46 sec. 396 ms.

Start searching (bubble sort + jump search)...
Found 500 / 500 entries. Time taken: 0 min. 19 sec. 744 ms.
Sorting time 0 min. 18 sec. 648 ms.
Searching time 0 min. 1 sec. 96 ms.

Start searching (quick sort + binary search)...
Found 500 / 500 entries. Time taken: 0 min. 1 sec. 554 ms.
Sorting time 0 min. 1 sec. 462 ms.
Searching time 0 min. 0 sec. 92 ms.

Start searching (hash table)...
Found 500 / 500 entries. Time taken: 0 min. 0 sec. 32 ms.
Creating time 0 min. 0 sec. 30 ms.
Searching time 0 min. 0 sec. 2 ms.
]]></system-out>
  <system-err><![CDATA[]]></system-err>
</testsuite>
