<?xml version="1.0" encoding="UTF-8"?>
<testsuite name="BlockchainTest" tests="1" skipped="0" failures="0" errors="0" timestamp="2021-03-01T19:16:36" hostname="LAPTOP-5VEJHNRM" time="0.318">
  <properties/>
  <testcase name="start" classname="BlockchainTest" time="0.318"/>
  <system-out><![CDATA[?[1;31m
Start test 1?[0m
Enter how many zeros the hash must start with: > 0

Block:
Id: 1
Timestamp: 1614626196582
Magic number: 834299
Hash of the previous block: 
0
Hash of the block: 
7850eec0f81fcca8f90b2480c7d4a4fa137ab793bc3f47575cf42afdcbbe8104
Block was generating for 0 seconds

Block:
Id: 2
Timestamp: 1614626196601
Magic number: 638006
Hash of the previous block: 
7850eec0f81fcca8f90b2480c7d4a4fa137ab793bc3f47575cf42afdcbbe8104
Hash of the block: 
1539369a945c2194dd58db462316b88efe0cc81773f9ef69272b6358ba0635d2
Block was generating for 0 seconds

Block:
Id: 3
Timestamp: 1614626196601
Magic number: 496378
Hash of the previous block: 
1539369a945c2194dd58db462316b88efe0cc81773f9ef69272b6358ba0635d2
Hash of the block: 
fc537409672f8d2ea356175ed7afef03f9303fc609a698b5048d9ae735ee4ae9
Block was generating for 0 seconds

Block:
Id: 4
Timestamp: 1614626196601
Magic number: 645371
Hash of the previous block: 
fc537409672f8d2ea356175ed7afef03f9303fc609a698b5048d9ae735ee4ae9
Hash of the block: 
0a8bc5426eda11f8f595379b67e929d31ea2d399fd08762990521cf28c606c3c
Block was generating for 0 seconds

Block:
Id: 5
Timestamp: 1614626196601
Magic number: 504473
Hash of the previous block: 
0a8bc5426eda11f8f595379b67e929d31ea2d399fd08762990521cf28c606c3c
Hash of the block: 
00ddff9e9eee24540eb5350f4eaee4d2c8e0ad6148b5042347837523e01f8f9f
Block was generating for 0 seconds

?[1;31m
Start test 2?[0m
Enter how many zeros the hash must start with: > 1

Block:
Id: 1
Timestamp: 1614626196655
Magic number: 64859
Hash of the previous block: 
0
Hash of the block: 
00a6168878217b3d5173d828b116775f212eb6940bfac3c90f3830004a326e89
Block was generating for 0 seconds

Block:
Id: 2
Timestamp: 1614626196658
Magic number: 151728
Hash of the previous block: 
00a6168878217b3d5173d828b116775f212eb6940bfac3c90f3830004a326e89
Hash of the block: 
0af77d21bc3679495f7933629b95be1d0d4f3942ab7a69e5d00e1448e639ef42
Block was generating for 0 seconds

Block:
Id: 3
Timestamp: 1614626196659
Magic number: 235490
Hash of the previous block: 
0af77d21bc3679495f7933629b95be1d0d4f3942ab7a69e5d00e1448e639ef42
Hash of the block: 
0f49521852061ecb3cf6fc5a5711a743f72d62e298b7a9613d98891c4ceeb767
Block was generating for 0 seconds

Block:
Id: 4
Timestamp: 1614626196659
Magic number: 922631
Hash of the previous block: 
0f49521852061ecb3cf6fc5a5711a743f72d62e298b7a9613d98891c4ceeb767
Hash of the block: 
07fafe3e8bba904888e45908e2aa4b902236cff66d77bd1fcc67a68143cabded
Block was generating for 0 seconds

Block:
Id: 5
Timestamp: 1614626196660
Magic number: 23456
Hash of the previous block: 
07fafe3e8bba904888e45908e2aa4b902236cff66d77bd1fcc67a68143cabded
Hash of the block: 
0966382a0169fd0e0d75d6edc0a47abfe9add98e42644b8e47958f339d0068f2
Block was generating for 0 seconds

?[1;31m
Start test 3?[0m
Enter how many zeros the hash must start with: > 2

Block:
Id: 1
Timestamp: 1614626196689
Magic number: 455763
Hash of the previous block: 
0
Hash of the block: 
00f944379a12f47c5aced843e2800f08d16eab3ded86b9d5781f388867ba41fa
Block was generating for 0 seconds

Block:
Id: 2
Timestamp: 1614626196695
Magic number: 446516
Hash of the previous block: 
00f944379a12f47c5aced843e2800f08d16eab3ded86b9d5781f388867ba41fa
Hash of the block: 
00b01812975a312f1d3f9f1f495b7f45a9f2f5a44a4323517ce2012c987a7d87
Block was generating for 0 seconds

Block:
Id: 3
Timestamp: 1614626196701
Magic number: 79880
Hash of the previous block: 
00b01812975a312f1d3f9f1f495b7f45a9f2f5a44a4323517ce2012c987a7d87
Hash of the block: 
0056fa78da13f6d75bd26c5ebc72cbcffa99de8b13f0c00bd1cb71ab9cef2748
Block was generating for 0 seconds

Block:
Id: 4
Timestamp: 1614626196705
Magic number: 985034
Hash of the previous block: 
0056fa78da13f6d75bd26c5ebc72cbcffa99de8b13f0c00bd1cb71ab9cef2748
Hash of the block: 
0057de9210d86e3142913decfe4b41d72525633f4900d1b6ea2fb4876433eebe
Block was generating for 0 seconds

Block:
Id: 5
Timestamp: 1614626196716
Magic number: 174173
Hash of the previous block: 
0057de9210d86e3142913decfe4b41d72525633f4900d1b6ea2fb4876433eebe
Hash of the block: 
00ccd84aa3502740f1694b545027d6dd47d81d164bac420d793bdede95df483e
Block was generating for 0 seconds

?[1;31m
Start test 4?[0m
Enter how many zeros the hash must start with: > 0

Block:
Id: 1
Timestamp: 1614626196744
Magic number: 792960
Hash of the previous block: 
0
Hash of the block: 
e5065f37a462a85c13cf01ffa7fd523a590c50faeaf3aa79471664453926133d
Block was generating for 0 seconds

Block:
Id: 2
Timestamp: 1614626196746
Magic number: 149951
Hash of the previous block: 
e5065f37a462a85c13cf01ffa7fd523a590c50faeaf3aa79471664453926133d
Hash of the block: 
4b30d312855afa6aaa8dfed45e8e5356dec56db549394ab6330d3673f6d0efbe
Block was generating for 0 seconds

Block:
Id: 3
Timestamp: 1614626196746
Magic number: 767306
Hash of the previous block: 
4b30d312855afa6aaa8dfed45e8e5356dec56db549394ab6330d3673f6d0efbe
Hash of the block: 
b938d974cad9cd044a4750856a5a3390a89e60a9068930465f9a803f9e77d0a6
Block was generating for 0 seconds

Block:
Id: 4
Timestamp: 1614626196746
Magic number: 566711
Hash of the previous block: 
b938d974cad9cd044a4750856a5a3390a89e60a9068930465f9a803f9e77d0a6
Hash of the block: 
54f01b104a4faf7e2662ca1252bd5aee19dcd8328583362ccb88c7e6828c5106
Block was generating for 0 seconds

Block:
Id: 5
Timestamp: 1614626196746
Magic number: 6681
Hash of the previous block: 
54f01b104a4faf7e2662ca1252bd5aee19dcd8328583362ccb88c7e6828c5106
Hash of the block: 
1eb8929db564721070844d79252f248828ee1a334af02f4cbe8989164b06a192
Block was generating for 0 seconds

?[1;31m
Start test 5?[0m
Enter how many zeros the hash must start with: > 1

Block:
Id: 1
Timestamp: 1614626196777
Magic number: 451345
Hash of the previous block: 
0
Hash of the block: 
0f460ee4417b404429ab4fced829957479e5d8c25fb376835fbe5da16c3c5565
Block was generating for 0 seconds

Block:
Id: 2
Timestamp: 1614626196779
Magic number: 954844
Hash of the previous block: 
0f460ee4417b404429ab4fced829957479e5d8c25fb376835fbe5da16c3c5565
Hash of the block: 
03ad9557a263194809ca43d91891a7ddd6be8d430aa0722ba2bd2dd9ce12c39b
Block was generating for 0 seconds

Block:
Id: 3
Timestamp: 1614626196780
Magic number: 823208
Hash of the previous block: 
03ad9557a263194809ca43d91891a7ddd6be8d430aa0722ba2bd2dd9ce12c39b
Hash of the block: 
01251a54b02439ce19d22b6c4263fe4ec2b966e294dd061c8876a04a33adc0c0
Block was generating for 0 seconds

Block:
Id: 4
Timestamp: 1614626196780
Magic number: 984462
Hash of the previous block: 
01251a54b02439ce19d22b6c4263fe4ec2b966e294dd061c8876a04a33adc0c0
Hash of the block: 
0c0744b67bff3481ab53b608c309b514a8182617abaf525777b643ef1e69ec00
Block was generating for 0 seconds

Block:
Id: 5
Timestamp: 1614626196780
Magic number: 844032
Hash of the previous block: 
0c0744b67bff3481ab53b608c309b514a8182617abaf525777b643ef1e69ec00
Hash of the block: 
0a7647844d4f79b3512afd37c5b99cb47a05bfabc19f777c121e1665a0a6f636
Block was generating for 0 seconds

?[1;31m
Start test 6?[0m
Enter how many zeros the hash must start with: > 2

Block:
Id: 1
Timestamp: 1614626196810
Magic number: 216127
Hash of the previous block: 
0
Hash of the block: 
003c2e33230d0855ff6afaedad711f1c5502b3ab395f5f7385cf4a67a40e6a3e
Block was generating for 0 seconds

Block:
Id: 2
Timestamp: 1614626196813
Magic number: 805656
Hash of the previous block: 
003c2e33230d0855ff6afaedad711f1c5502b3ab395f5f7385cf4a67a40e6a3e
Hash of the block: 
0000f931ad9b511788789df2404b4a077b1eb3a3f3aa83df2515f989099334db
Block was generating for 0 seconds

Block:
Id: 3
Timestamp: 1614626196817
Magic number: 17565
Hash of the previous block: 
0000f931ad9b511788789df2404b4a077b1eb3a3f3aa83df2515f989099334db
Hash of the block: 
000de633b89ead39e4038a12453cd2760403bd9468e8091885339afe48dbcd6a
Block was generating for 0 seconds

Block:
Id: 4
Timestamp: 1614626196818
Magic number: 288391
Hash of the previous block: 
000de633b89ead39e4038a12453cd2760403bd9468e8091885339afe48dbcd6a
Hash of the block: 
00eb333b3b7efe316a47bec69b0671e46adc591f72725a069a4eb02c021c5f03
Block was generating for 0 seconds

Block:
Id: 5
Timestamp: 1614626196820
Magic number: 307347
Hash of the previous block: 
00eb333b3b7efe316a47bec69b0671e46adc591f72725a069a4eb02c021c5f03
Hash of the block: 
00473c62aa2979a92e0d2f646012214307d2be4bc2c49a01cc6e96b8636fa6fa
Block was generating for 0 seconds

]]></system-out>
  <system-err><![CDATA[]]></system-err>
</testsuite>
